DEBUG - 2025-08-01 07:01:11 --> Session: Class initialized using 'CodeIgniter\Session\Handlers\FileHandler' driver.
CRITICAL - 2025-08-01 07:01:11 --> ErrorException: Attempt to read property "id" on null
[Method: GET, Route: products/single-product/15]
in APPPATH\Controllers\Products\Products.php on line 19.
 1 APPPATH\Controllers\Products\Products.php(19): CodeIgniter\Debug\Exceptions->errorHandler(2, 'Attempt to read property "id" on null', 'E:\\xampp\\htdocs\\food_store\\app\\Controllers\\Products\\Products.php', 19)
 2 SYSTEMPATH\CodeIgniter.php(933): App\Controllers\Products\Products->productDetails('15')
 3 SYSTEMPATH\CodeIgniter.php(507): CodeIgniter\CodeIgniter->runController(Object(App\Controllers\Products\Products))
 4 SYSTEMPATH\CodeIgniter.php(354): CodeIgniter\CodeIgniter->handleRequest(null, Object(Config\Cache), false)
 5 SYSTEMPATH\Boot.php(334): CodeIgniter\CodeIgniter->run()
 6 SYSTEMPATH\Boot.php(67): CodeIgniter\Boot::runCodeIgniter(Object(CodeIgniter\CodeIgniter))
 7 FCPATH\index.php(59): CodeIgniter\Boot::bootWeb(Object(Config\Paths))
DEBUG - 2025-08-01 07:02:39 --> Session: Class initialized using 'CodeIgniter\Session\Handlers\FileHandler' driver.
CRITICAL - 2025-08-01 07:02:39 --> ErrorException: Attempt to read property "id" on null
[Method: GET, Route: products/single-product/15]
in APPPATH\Controllers\Products\Products.php on line 19.
 1 APPPATH\Controllers\Products\Products.php(19): CodeIgniter\Debug\Exceptions->errorHandler(2, 'Attempt to read property "id" on null', 'E:\\xampp\\htdocs\\food_store\\app\\Controllers\\Products\\Products.php', 19)
 2 SYSTEMPATH\CodeIgniter.php(933): App\Controllers\Products\Products->productDetails('15')
 3 SYSTEMPATH\CodeIgniter.php(507): CodeIgniter\CodeIgniter->runController(Object(App\Controllers\Products\Products))
 4 SYSTEMPATH\CodeIgniter.php(354): CodeIgniter\CodeIgniter->handleRequest(null, Object(Config\Cache), false)
 5 SYSTEMPATH\Boot.php(334): CodeIgniter\CodeIgniter->run()
 6 SYSTEMPATH\Boot.php(67): CodeIgniter\Boot::runCodeIgniter(Object(CodeIgniter\CodeIgniter))
 7 FCPATH\index.php(59): CodeIgniter\Boot::bootWeb(Object(Config\Paths))
DEBUG - 2025-08-01 07:02:41 --> Session: Class initialized using 'CodeIgniter\Session\Handlers\FileHandler' driver.
CRITICAL - 2025-08-01 07:02:41 --> ErrorException: Attempt to read property "id" on null
[Method: GET, Route: products/single-product/1]
in APPPATH\Controllers\Products\Products.php on line 19.
 1 APPPATH\Controllers\Products\Products.php(19): CodeIgniter\Debug\Exceptions->errorHandler(2, 'Attempt to read property "id" on null', 'E:\\xampp\\htdocs\\food_store\\app\\Controllers\\Products\\Products.php', 19)
 2 SYSTEMPATH\CodeIgniter.php(933): App\Controllers\Products\Products->productDetails('1')
 3 SYSTEMPATH\CodeIgniter.php(507): CodeIgniter\CodeIgniter->runController(Object(App\Controllers\Products\Products))
 4 SYSTEMPATH\CodeIgniter.php(354): CodeIgniter\CodeIgniter->handleRequest(null, Object(Config\Cache), false)
 5 SYSTEMPATH\Boot.php(334): CodeIgniter\CodeIgniter->run()
 6 SYSTEMPATH\Boot.php(67): CodeIgniter\Boot::runCodeIgniter(Object(CodeIgniter\CodeIgniter))
 7 FCPATH\index.php(59): CodeIgniter\Boot::bootWeb(Object(Config\Paths))
DEBUG - 2025-08-01 07:02:49 --> Session: Class initialized using 'CodeIgniter\Session\Handlers\FileHandler' driver.
DEBUG - 2025-08-01 07:02:52 --> Session: Class initialized using 'CodeIgniter\Session\Handlers\FileHandler' driver.
DEBUG - 2025-08-01 07:02:54 --> Session: Class initialized using 'CodeIgniter\Session\Handlers\FileHandler' driver.
DEBUG - 2025-08-01 07:02:54 --> Session: Class initialized using 'CodeIgniter\Session\Handlers\FileHandler' driver.
DEBUG - 2025-08-01 07:02:58 --> Session: Class initialized using 'CodeIgniter\Session\Handlers\FileHandler' driver.
DEBUG - 2025-08-01 07:02:58 --> Session: Class initialized using 'CodeIgniter\Session\Handlers\FileHandler' driver.
DEBUG - 2025-08-01 07:02:59 --> Session: Class initialized using 'CodeIgniter\Session\Handlers\FileHandler' driver.
DEBUG - 2025-08-01 07:03:01 --> Session: Class initialized using 'CodeIgniter\Session\Handlers\FileHandler' driver.
DEBUG - 2025-08-01 07:03:02 --> Session: Class initialized using 'CodeIgniter\Session\Handlers\FileHandler' driver.
